

Started GET "/" for ::1 at 2017-02-21 16:06:32 +0900
Processing by Rails::WelcomeController#index as HTML
  Rendered /Users/miki/.rbenv/versions/2.2.3/lib/ruby/gems/2.2.0/gems/railties-4.2.7.1/lib/rails/templates/rails/welcome/index.html.erb (4.4ms)
Completed 200 OK in 42ms (Views: 28.2ms | ActiveRecord: 0.0ms)


Started GET "/home" for ::1 at 2017-02-21 16:06:50 +0900

ActionController::RoutingError (No route matches [GET] "/home"):
  actionpack (4.2.7.1) lib/action_dispatch/middleware/debug_exceptions.rb:21:in `call'
  web-console (2.3.0) lib/web_console/middleware.rb:28:in `block in call'
  web-console (2.3.0) lib/web_console/middleware.rb:18:in `catch'
  web-console (2.3.0) lib/web_console/middleware.rb:18:in `call'
  actionpack (4.2.7.1) lib/action_dispatch/middleware/show_exceptions.rb:30:in `call'
  railties (4.2.7.1) lib/rails/rack/logger.rb:38:in `call_app'
  railties (4.2.7.1) lib/rails/rack/logger.rb:20:in `block in call'
  activesupport (4.2.7.1) lib/active_support/tagged_logging.rb:68:in `block in tagged'
  activesupport (4.2.7.1) lib/active_support/tagged_logging.rb:26:in `tagged'
  activesupport (4.2.7.1) lib/active_support/tagged_logging.rb:68:in `tagged'
  railties (4.2.7.1) lib/rails/rack/logger.rb:20:in `call'
  actionpack (4.2.7.1) lib/action_dispatch/middleware/request_id.rb:21:in `call'
  rack (1.6.5) lib/rack/methodoverride.rb:22:in `call'
  rack (1.6.5) lib/rack/runtime.rb:18:in `call'
  activesupport (4.2.7.1) lib/active_support/cache/strategy/local_cache_middleware.rb:28:in `call'
  rack (1.6.5) lib/rack/lock.rb:17:in `call'
  actionpack (4.2.7.1) lib/action_dispatch/middleware/static.rb:120:in `call'
  rack (1.6.5) lib/rack/sendfile.rb:113:in `call'
  railties (4.2.7.1) lib/rails/engine.rb:518:in `call'
  railties (4.2.7.1) lib/rails/application.rb:165:in `call'
  rack (1.6.5) lib/rack/lock.rb:17:in `call'
  rack (1.6.5) lib/rack/content_length.rb:15:in `call'
  rack (1.6.5) lib/rack/handler/webrick.rb:88:in `service'
  /Users/miki/.rbenv/versions/2.2.3/lib/ruby/2.2.0/webrick/httpserver.rb:138:in `service'
  /Users/miki/.rbenv/versions/2.2.3/lib/ruby/2.2.0/webrick/httpserver.rb:94:in `run'
  /Users/miki/.rbenv/versions/2.2.3/lib/ruby/2.2.0/webrick/server.rb:294:in `block in start_thread'


  Rendered /Users/miki/.rbenv/versions/2.2.3/lib/ruby/gems/2.2.0/gems/actionpack-4.2.7.1/lib/action_dispatch/middleware/templates/rescues/_trace.html.erb (1.7ms)
  Rendered /Users/miki/.rbenv/versions/2.2.3/lib/ruby/gems/2.2.0/gems/actionpack-4.2.7.1/lib/action_dispatch/middleware/templates/routes/_table.html.erb (23.2ms)
  Rendered /Users/miki/.rbenv/versions/2.2.3/lib/ruby/gems/2.2.0/gems/actionpack-4.2.7.1/lib/action_dispatch/middleware/templates/rescues/_request_and_response.html.erb (1.4ms)
  Rendered /Users/miki/.rbenv/versions/2.2.3/lib/ruby/gems/2.2.0/gems/actionpack-4.2.7.1/lib/action_dispatch/middleware/templates/rescues/routing_error.html.erb within rescues/layout (98.6ms)
  Rendered /Users/miki/.rbenv/versions/2.2.3/lib/ruby/gems/2.2.0/gems/web-console-2.3.0/lib/web_console/templates/_markup.html.erb (0.5ms)
  Rendered /Users/miki/.rbenv/versions/2.2.3/lib/ruby/gems/2.2.0/gems/web-console-2.3.0/lib/web_console/templates/_inner_console_markup.html.erb within layouts/inlined_string (0.6ms)
  Rendered /Users/miki/.rbenv/versions/2.2.3/lib/ruby/gems/2.2.0/gems/web-console-2.3.0/lib/web_console/templates/_prompt_box_markup.html.erb within layouts/inlined_string (0.3ms)
  Rendered /Users/miki/.rbenv/versions/2.2.3/lib/ruby/gems/2.2.0/gems/web-console-2.3.0/lib/web_console/templates/style.css.erb within layouts/inlined_string (0.5ms)
  Rendered /Users/miki/.rbenv/versions/2.2.3/lib/ruby/gems/2.2.0/gems/web-console-2.3.0/lib/web_console/templates/console.js.erb within layouts/javascript (98.9ms)
  Rendered /Users/miki/.rbenv/versions/2.2.3/lib/ruby/gems/2.2.0/gems/web-console-2.3.0/lib/web_console/templates/main.js.erb within layouts/javascript (0.4ms)
  Rendered /Users/miki/.rbenv/versions/2.2.3/lib/ruby/gems/2.2.0/gems/web-console-2.3.0/lib/web_console/templates/error_page.js.erb within layouts/javascript (0.8ms)
  Rendered /Users/miki/.rbenv/versions/2.2.3/lib/ruby/gems/2.2.0/gems/web-console-2.3.0/lib/web_console/templates/index.html.erb (206.3ms)


Started GET "/" for ::1 at 2017-02-21 16:25:37 +0900
Processing by Rails::WelcomeController#index as HTML
  Rendered /Users/miki/.rbenv/versions/2.2.3/lib/ruby/gems/2.2.0/gems/railties-4.2.7.1/lib/rails/templates/rails/welcome/index.html.erb (5.1ms)
Completed 200 OK in 40ms (Views: 29.9ms | ActiveRecord: 0.0ms)


Started GET "/index" for ::1 at 2017-02-21 16:25:42 +0900

ActionController::RoutingError (No route matches [GET] "/index"):
  actionpack (4.2.7.1) lib/action_dispatch/middleware/debug_exceptions.rb:21:in `call'
  web-console (2.3.0) lib/web_console/middleware.rb:28:in `block in call'
  web-console (2.3.0) lib/web_console/middleware.rb:18:in `catch'
  web-console (2.3.0) lib/web_console/middleware.rb:18:in `call'
  actionpack (4.2.7.1) lib/action_dispatch/middleware/show_exceptions.rb:30:in `call'
  railties (4.2.7.1) lib/rails/rack/logger.rb:38:in `call_app'
  railties (4.2.7.1) lib/rails/rack/logger.rb:20:in `block in call'
  activesupport (4.2.7.1) lib/active_support/tagged_logging.rb:68:in `block in tagged'
  activesupport (4.2.7.1) lib/active_support/tagged_logging.rb:26:in `tagged'
  activesupport (4.2.7.1) lib/active_support/tagged_logging.rb:68:in `tagged'
  railties (4.2.7.1) lib/rails/rack/logger.rb:20:in `call'
  actionpack (4.2.7.1) lib/action_dispatch/middleware/request_id.rb:21:in `call'
  rack (1.6.5) lib/rack/methodoverride.rb:22:in `call'
  rack (1.6.5) lib/rack/runtime.rb:18:in `call'
  activesupport (4.2.7.1) lib/active_support/cache/strategy/local_cache_middleware.rb:28:in `call'
  rack (1.6.5) lib/rack/lock.rb:17:in `call'
  actionpack (4.2.7.1) lib/action_dispatch/middleware/static.rb:120:in `call'
  rack (1.6.5) lib/rack/sendfile.rb:113:in `call'
  railties (4.2.7.1) lib/rails/engine.rb:518:in `call'
  railties (4.2.7.1) lib/rails/application.rb:165:in `call'
  rack (1.6.5) lib/rack/lock.rb:17:in `call'
  rack (1.6.5) lib/rack/content_length.rb:15:in `call'
  rack (1.6.5) lib/rack/handler/webrick.rb:88:in `service'
  /Users/miki/.rbenv/versions/2.2.3/lib/ruby/2.2.0/webrick/httpserver.rb:138:in `service'
  /Users/miki/.rbenv/versions/2.2.3/lib/ruby/2.2.0/webrick/httpserver.rb:94:in `run'
  /Users/miki/.rbenv/versions/2.2.3/lib/ruby/2.2.0/webrick/server.rb:294:in `block in start_thread'


  Rendered /Users/miki/.rbenv/versions/2.2.3/lib/ruby/gems/2.2.0/gems/actionpack-4.2.7.1/lib/action_dispatch/middleware/templates/rescues/_trace.html.erb (2.6ms)
  Rendered /Users/miki/.rbenv/versions/2.2.3/lib/ruby/gems/2.2.0/gems/actionpack-4.2.7.1/lib/action_dispatch/middleware/templates/routes/_route.html.erb (0.9ms)
  Rendered /Users/miki/.rbenv/versions/2.2.3/lib/ruby/gems/2.2.0/gems/actionpack-4.2.7.1/lib/action_dispatch/middleware/templates/routes/_table.html.erb (24.0ms)
  Rendered /Users/miki/.rbenv/versions/2.2.3/lib/ruby/gems/2.2.0/gems/actionpack-4.2.7.1/lib/action_dispatch/middleware/templates/rescues/_request_and_response.html.erb (1.6ms)
  Rendered /Users/miki/.rbenv/versions/2.2.3/lib/ruby/gems/2.2.0/gems/actionpack-4.2.7.1/lib/action_dispatch/middleware/templates/rescues/routing_error.html.erb within rescues/layout (142.3ms)
  Rendered /Users/miki/.rbenv/versions/2.2.3/lib/ruby/gems/2.2.0/gems/web-console-2.3.0/lib/web_console/templates/_markup.html.erb (0.7ms)
  Rendered /Users/miki/.rbenv/versions/2.2.3/lib/ruby/gems/2.2.0/gems/web-console-2.3.0/lib/web_console/templates/_inner_console_markup.html.erb within layouts/inlined_string (0.6ms)
  Rendered /Users/miki/.rbenv/versions/2.2.3/lib/ruby/gems/2.2.0/gems/web-console-2.3.0/lib/web_console/templates/_prompt_box_markup.html.erb within layouts/inlined_string (0.4ms)
  Rendered /Users/miki/.rbenv/versions/2.2.3/lib/ruby/gems/2.2.0/gems/web-console-2.3.0/lib/web_console/templates/style.css.erb within layouts/inlined_string (0.4ms)
  Rendered /Users/miki/.rbenv/versions/2.2.3/lib/ruby/gems/2.2.0/gems/web-console-2.3.0/lib/web_console/templates/console.js.erb within layouts/javascript (101.7ms)
  Rendered /Users/miki/.rbenv/versions/2.2.3/lib/ruby/gems/2.2.0/gems/web-console-2.3.0/lib/web_console/templates/main.js.erb within layouts/javascript (0.4ms)
  Rendered /Users/miki/.rbenv/versions/2.2.3/lib/ruby/gems/2.2.0/gems/web-console-2.3.0/lib/web_console/templates/error_page.js.erb within layouts/javascript (0.9ms)
  Rendered /Users/miki/.rbenv/versions/2.2.3/lib/ruby/gems/2.2.0/gems/web-console-2.3.0/lib/web_console/templates/index.html.erb (196.1ms)


Started GET "/checkers/index" for ::1 at 2017-02-21 16:25:56 +0900
Processing by CheckersController#index as HTML
  Rendered checkers/index.html.erb within layouts/application (0.5ms)
Completed 200 OK in 4916ms (Views: 4915.1ms | ActiveRecord: 0.0ms)


Started GET "/assets/checker.self-e3b0c44298fc1c149afbf4c8996fb92427ae41e4649b934ca495991b7852b855.css?body=1" for ::1 at 2017-02-21 16:26:01 +0900


Started GET "/assets/checkers.self-e3b0c44298fc1c149afbf4c8996fb92427ae41e4649b934ca495991b7852b855.css?body=1" for ::1 at 2017-02-21 16:26:01 +0900


Started GET "/assets/application.self-e80e8f2318043e8af94dddc2adad5a4f09739a8ebb323b3ab31cd71d45fd9113.css?body=1" for ::1 at 2017-02-21 16:26:01 +0900


Started GET "/assets/custom.self-13ff889a0a88d9f770ef4da010c9ea09fa39b65559261107e8b7aca8a653c968.css?body=1" for ::1 at 2017-02-21 16:26:01 +0900


Started GET "/assets/jquery.self-bd7ddd393353a8d2480a622e80342adf488fb6006d667e8b42e4c0073393abee.js?body=1" for ::1 at 2017-02-21 16:26:01 +0900


Started GET "/assets/jquery_ujs.self-784a997f6726036b1993eb2217c9cb558e1cbb801c6da88105588c56f13b466a.js?body=1" for ::1 at 2017-02-21 16:26:01 +0900


Started GET "/assets/turbolinks.self-c5acd7a204f5f25ce7a1d8a0e4d92e28d34c9e2df2c7371cd7af88e147e4ad82.js?body=1" for ::1 at 2017-02-21 16:26:01 +0900


Started GET "/assets/checkers.self-877aef30ae1b040ab8a3aba4e3e309a11d7f2612f44dde450b5c157aa5f95c05.js?body=1" for ::1 at 2017-02-21 16:26:01 +0900


Started GET "/assets/application.self-3b8dabdc891efe46b9a144b400ad69e37d7e5876bdc39dee783419a69d7ca819.js?body=1" for ::1 at 2017-02-21 16:26:01 +0900


Started GET "/" for ::1 at 2017-02-21 16:27:36 +0900
Processing by CheckersController#index as HTML
  Rendered checkers/index.html.erb within layouts/application (0.1ms)
Completed 200 OK in 79ms (Views: 78.0ms | ActiveRecord: 0.0ms)
  [1m[36m (7.9ms)[0m  [1mCREATE TABLE "schema_migrations" ("version" varchar NOT NULL) [0m
  [1m[35m (0.5ms)[0m  select sqlite_version(*)
  [1m[36m (3.0ms)[0m  [1mCREATE UNIQUE INDEX "unique_schema_migrations" ON "schema_migrations" ("version")[0m
  [1m[35mActiveRecord::SchemaMigration Load (0.1ms)[0m  SELECT "schema_migrations".* FROM "schema_migrations"
Migrating to CreatePersonalDatabases (20170221073404)
  [1m[36m (0.1ms)[0m  [1mbegin transaction[0m
  [1m[35m (0.7ms)[0m  CREATE TABLE "personal_databases" ("id" INTEGER PRIMARY KEY AUTOINCREMENT NOT NULL, "name" varchar, "height" integer, "weight" integer, "image" varchar, "created_at" datetime NOT NULL, "updated_at" datetime NOT NULL) 
  [1m[36mSQL (0.2ms)[0m  [1mINSERT INTO "schema_migrations" ("version") VALUES (?)[0m  [["version", "20170221073404"]]
  [1m[35m (6.1ms)[0m  commit transaction
  [1m[36mActiveRecord::SchemaMigration Load (0.1ms)[0m  [1mSELECT "schema_migrations".* FROM "schema_migrations"[0m


Started GET "/" for ::1 at 2017-02-27 14:55:35 +0900
  [1m[36mActiveRecord::SchemaMigration Load (2.3ms)[0m  [1mSELECT "schema_migrations".* FROM "schema_migrations"[0m
Processing by CheckersController#index as HTML
  Rendered checkers/index.html.erb within layouts/application (4.1ms)
Completed 200 OK in 736ms (Views: 715.9ms | ActiveRecord: 0.0ms)


Started GET "/assets/checker.self-e3b0c44298fc1c149afbf4c8996fb92427ae41e4649b934ca495991b7852b855.css?body=1" for ::1 at 2017-02-27 14:55:36 +0900


Started GET "/assets/checkers.self-e3b0c44298fc1c149afbf4c8996fb92427ae41e4649b934ca495991b7852b855.css?body=1" for ::1 at 2017-02-27 14:55:36 +0900


Started GET "/assets/custom.self-13ff889a0a88d9f770ef4da010c9ea09fa39b65559261107e8b7aca8a653c968.css?body=1" for ::1 at 2017-02-27 14:55:36 +0900


Started GET "/assets/application.self-e80e8f2318043e8af94dddc2adad5a4f09739a8ebb323b3ab31cd71d45fd9113.css?body=1" for ::1 at 2017-02-27 14:55:36 +0900


Started GET "/assets/jquery_ujs.self-784a997f6726036b1993eb2217c9cb558e1cbb801c6da88105588c56f13b466a.js?body=1" for ::1 at 2017-02-27 14:55:36 +0900


Started GET "/assets/turbolinks.self-c5acd7a204f5f25ce7a1d8a0e4d92e28d34c9e2df2c7371cd7af88e147e4ad82.js?body=1" for ::1 at 2017-02-27 14:55:36 +0900


Started GET "/assets/jquery.self-bd7ddd393353a8d2480a622e80342adf488fb6006d667e8b42e4c0073393abee.js?body=1" for ::1 at 2017-02-27 14:55:36 +0900


Started GET "/assets/checkers.self-877aef30ae1b040ab8a3aba4e3e309a11d7f2612f44dde450b5c157aa5f95c05.js?body=1" for ::1 at 2017-02-27 14:55:36 +0900


Started GET "/assets/application.self-3b8dabdc891efe46b9a144b400ad69e37d7e5876bdc39dee783419a69d7ca819.js?body=1" for ::1 at 2017-02-27 14:55:36 +0900
  [1m[36mActiveRecord::SchemaMigration Load (2.2ms)[0m  [1mSELECT "schema_migrations".* FROM "schema_migrations"[0m
  [1m[35mActiveRecord::SchemaMigration Load (0.1ms)[0m  SELECT "schema_migrations".* FROM "schema_migrations"
  [1m[36mActiveRecord::SchemaMigration Load (2.4ms)[0m  [1mSELECT "schema_migrations".* FROM "schema_migrations"[0m
  [1m[36mActiveRecord::SchemaMigration Load (2.4ms)[0m  [1mSELECT "schema_migrations".* FROM "schema_migrations"[0m
  [1m[36mActiveRecord::SchemaMigration Load (0.1ms)[0m  [1mSELECT "schema_migrations".* FROM "schema_migrations"[0m
  [1m[36mPersonalDatabase Load (7.1ms)[0m  [1mSELECT "personal_databases".* FROM "personal_databases"[0m
  [1m[36mActiveRecord::SchemaMigration Load (2.1ms)[0m  [1mSELECT "schema_migrations".* FROM "schema_migrations"[0m
  [1m[35m (0.1ms)[0m  begin transaction
  [1m[36mSQL (2.7ms)[0m  [1mINSERT INTO "personal_databases" ("name", "height", "weight", "image", "created_at", "updated_at") VALUES (?, ?, ?, ?, ?, ?)[0m  [["name", "Tsubasa Masuwaka"], ["height", 150], ["weight", 35], ["image", "/Users/miki/onboarding2017/original_service/app/assets/images/tsubasa.jpeg"], ["created_at", "2017-02-27 07:14:28.329064"], ["updated_at", "2017-02-27 07:14:28.329064"]]
  [1m[35m (13.3ms)[0m  commit transaction
  [1m[36m (0.1ms)[0m  [1mbegin transaction[0m
  [1m[35mSQL (0.5ms)[0m  INSERT INTO "personal_databases" ("name", "height", "weight", "image", "created_at", "updated_at") VALUES (?, ?, ?, ?, ?, ?)  [["name", "Yuko Oshima"], ["height", 152], ["weight", 43], ["image", "/Users/miki/onboarding2017/original_service/app/assets/images/yuko.jpg"], ["created_at", "2017-02-27 07:14:28.353820"], ["updated_at", "2017-02-27 07:14:28.353820"]]
  [1m[36m (2.6ms)[0m  [1mcommit transaction[0m
  [1m[35m (0.1ms)[0m  begin transaction
  [1m[36mSQL (0.4ms)[0m  [1mINSERT INTO "personal_databases" ("name", "height", "weight", "image", "created_at", "updated_at") VALUES (?, ?, ?, ?, ?, ?)[0m  [["name", "Ai Takahashi"], ["height", 154], ["weight", 42], ["image", "/Users/miki/onboarding2017/original_service/app/assets/images/ao.jpg"], ["created_at", "2017-02-27 07:14:28.359948"], ["updated_at", "2017-02-27 07:14:28.359948"]]
  [1m[35m (2.5ms)[0m  commit transaction
  [1m[36m (0.1ms)[0m  [1mbegin transaction[0m
  [1m[35mSQL (0.3ms)[0m  INSERT INTO "personal_databases" ("name", "height", "weight", "image", "created_at", "updated_at") VALUES (?, ?, ?, ?, ?, ?)  [["name", "Airi Taira"], ["height", 155], ["weight", 45], ["image", "/Users/miki/onboarding2017/original_service/app/assets/images/profile.jpg"], ["created_at", "2017-02-27 07:14:28.365499"], ["updated_at", "2017-02-27 07:14:28.365499"]]
  [1m[36m (2.6ms)[0m  [1mcommit transaction[0m
  [1m[35m (0.1ms)[0m  begin transaction
  [1m[36mSQL (0.3ms)[0m  [1mINSERT INTO "personal_databases" ("name", "height", "weight", "image", "created_at", "updated_at") VALUES (?, ?, ?, ?, ?, ?)[0m  [["name", "Satomi Ishihara"], ["height", 157], ["weight", 45], ["image", "/Users/miki/onboarding2017/original_service/app/assets/images/satomi.jpg"], ["created_at", "2017-02-27 07:14:28.370146"], ["updated_at", "2017-02-27 07:14:28.370146"]]
  [1m[35m (2.4ms)[0m  commit transaction
  [1m[36m (0.1ms)[0m  [1mbegin transaction[0m
  [1m[35mSQL (0.3ms)[0m  INSERT INTO "personal_databases" ("name", "height", "weight", "image", "created_at", "updated_at") VALUES (?, ?, ?, ?, ?, ?)  [["name", "Rino Sashihara"], ["height", 157], ["weight", 43], ["image", "/Users/miki/onboarding2017/original_service/app/assets/images/rino.jpg"], ["created_at", "2017-02-27 07:14:28.374597"], ["updated_at", "2017-02-27 07:14:28.374597"]]
  [1m[36m (2.4ms)[0m  [1mcommit transaction[0m
  [1m[35m (0.1ms)[0m  begin transaction
  [1m[36mSQL (0.2ms)[0m  [1mINSERT INTO "personal_databases" ("name", "height", "weight", "image", "created_at", "updated_at") VALUES (?, ?, ?, ?, ?, ?)[0m  [["name", "Keiko Kitagawa"], ["height", 160], ["weight", 42], ["image", "/Users/miki/onboarding2017/original_service/app/assets/images/keiko.jpg"], ["created_at", "2017-02-27 07:14:28.378991"], ["updated_at", "2017-02-27 07:14:28.378991"]]
  [1m[35m (2.6ms)[0m  commit transaction
  [1m[36m (0.1ms)[0m  [1mbegin transaction[0m
  [1m[35mSQL (0.3ms)[0m  INSERT INTO "personal_databases" ("name", "height", "weight", "image", "created_at", "updated_at") VALUES (?, ?, ?, ?, ?, ?)  [["name", "Kasumi Arimura"], ["height", 160], ["weight", 46], ["image", "/Users/miki/onboarding2017/original_service/app/assets/images/kasumi.jpg"], ["created_at", "2017-02-27 07:14:28.383555"], ["updated_at", "2017-02-27 07:14:28.383555"]]
  [1m[36m (2.4ms)[0m  [1mcommit transaction[0m
  [1m[35m (0.1ms)[0m  begin transaction
  [1m[36mSQL (0.2ms)[0m  [1mINSERT INTO "personal_databases" ("name", "height", "weight", "image", "created_at", "updated_at") VALUES (?, ?, ?, ?, ?, ?)[0m  [["name", "Mirei Kiritani"], ["height", 163], ["weight", 39], ["image", "/Users/miki/onboarding2017/original_service/app/assets/images/mirei.jpg"], ["created_at", "2017-02-27 07:14:28.388263"], ["updated_at", "2017-02-27 07:14:28.388263"]]
  [1m[35m (5.1ms)[0m  commit transaction
  [1m[36m (0.1ms)[0m  [1mbegin transaction[0m
  [1m[35mSQL (0.4ms)[0m  INSERT INTO "personal_databases" ("name", "height", "weight", "image", "created_at", "updated_at") VALUES (?, ?, ?, ?, ?, ?)  [["name", "Rola"], ["height", 165], ["weight", 48], ["image", "/Users/miki/onboarding2017/original_service/app/assets/images/rola.jpg"], ["created_at", "2017-02-27 07:14:28.395449"], ["updated_at", "2017-02-27 07:14:28.395449"]]
  [1m[36m (2.5ms)[0m  [1mcommit transaction[0m
  [1m[35m (0.1ms)[0m  begin transaction
  [1m[36mSQL (0.3ms)[0m  [1mINSERT INTO "personal_databases" ("name", "height", "weight", "image", "created_at", "updated_at") VALUES (?, ?, ?, ?, ?, ?)[0m  [["name", "Yui Aragaki"], ["height", 168], ["weight", 50], ["image", "/Users/miki/onboarding2017/original_service/app/assets/images/yui.jpg"], ["created_at", "2017-02-27 07:14:28.400673"], ["updated_at", "2017-02-27 07:14:28.400673"]]
  [1m[35m (2.6ms)[0m  commit transaction
  [1m[36mActiveRecord::SchemaMigration Load (0.2ms)[0m  [1mSELECT "schema_migrations".* FROM "schema_migrations"[0m
  [1m[35m (0.1ms)[0m  begin transaction
  [1m[36mSQL (1.2ms)[0m  [1mINSERT INTO "personal_databases" ("name", "height", "weight", "image", "created_at", "updated_at") VALUES (?, ?, ?, ?, ?, ?)[0m  [["name", "Tsubasa Masuwaka"], ["height", 150], ["weight", 35], ["image", "/Users/miki/onboarding2017/original_service/app/assets/images/tsubasa.jpeg"], ["created_at", "2017-02-27 07:15:06.043995"], ["updated_at", "2017-02-27 07:15:06.043995"]]
  [1m[35m (2.6ms)[0m  commit transaction
  [1m[36m (0.1ms)[0m  [1mbegin transaction[0m
  [1m[35mSQL (0.4ms)[0m  INSERT INTO "personal_databases" ("name", "height", "weight", "image", "created_at", "updated_at") VALUES (?, ?, ?, ?, ?, ?)  [["name", "Yuko Oshima"], ["height", 152], ["weight", 43], ["image", "/Users/miki/onboarding2017/original_service/app/assets/images/yuko.jpg"], ["created_at", "2017-02-27 07:15:06.051254"], ["updated_at", "2017-02-27 07:15:06.051254"]]
  [1m[36m (2.6ms)[0m  [1mcommit transaction[0m
  [1m[35m (0.1ms)[0m  begin transaction
  [1m[36mSQL (0.4ms)[0m  [1mINSERT INTO "personal_databases" ("name", "height", "weight", "image", "created_at", "updated_at") VALUES (?, ?, ?, ?, ?, ?)[0m  [["name", "Ai Takahashi"], ["height", 154], ["weight", 42], ["image", "/Users/miki/onboarding2017/original_service/app/assets/images/ao.jpg"], ["created_at", "2017-02-27 07:15:06.056485"], ["updated_at", "2017-02-27 07:15:06.056485"]]
  [1m[35m (2.8ms)[0m  commit transaction
  [1m[36m (0.1ms)[0m  [1mbegin transaction[0m
  [1m[35mSQL (0.5ms)[0m  INSERT INTO "personal_databases" ("name", "height", "weight", "image", "created_at", "updated_at") VALUES (?, ?, ?, ?, ?, ?)  [["name", "Airi Taira"], ["height", 155], ["weight", 45], ["image", "/Users/miki/onboarding2017/original_service/app/assets/images/profile.jpg"], ["created_at", "2017-02-27 07:15:06.061855"], ["updated_at", "2017-02-27 07:15:06.061855"]]
  [1m[36m (2.7ms)[0m  [1mcommit transaction[0m
  [1m[35m (0.1ms)[0m  begin transaction
  [1m[36mSQL (0.2ms)[0m  [1mINSERT INTO "personal_databases" ("name", "height", "weight", "image", "created_at", "updated_at") VALUES (?, ?, ?, ?, ?, ?)[0m  [["name", "Satomi Ishihara"], ["height", 157], ["weight", 45], ["image", "/Users/miki/onboarding2017/original_service/app/assets/images/satomi.jpg"], ["created_at", "2017-02-27 07:15:06.067103"], ["updated_at", "2017-02-27 07:15:06.067103"]]
  [1m[35m (2.6ms)[0m  commit transaction
  [1m[36m (0.1ms)[0m  [1mbegin transaction[0m
  [1m[35mSQL (0.3ms)[0m  INSERT INTO "personal_databases" ("name", "height", "weight", "image", "created_at", "updated_at") VALUES (?, ?, ?, ?, ?, ?)  [["name", "Rino Sashihara"], ["height", 157], ["weight", 43], ["image", "/Users/miki/onboarding2017/original_service/app/assets/images/rino.jpg"], ["created_at", "2017-02-27 07:15:06.071604"], ["updated_at", "2017-02-27 07:15:06.071604"]]
  [1m[36m (2.7ms)[0m  [1mcommit transaction[0m
  [1m[35m (0.1ms)[0m  begin transaction
  [1m[36mSQL (0.3ms)[0m  [1mINSERT INTO "personal_databases" ("name", "height", "weight", "image", "created_at", "updated_at") VALUES (?, ?, ?, ?, ?, ?)[0m  [["name", "Keiko Kitagawa"], ["height", 160], ["weight", 42], ["image", "/Users/miki/onboarding2017/original_service/app/assets/images/keiko.jpg"], ["created_at", "2017-02-27 07:15:06.076650"], ["updated_at", "2017-02-27 07:15:06.076650"]]
  [1m[35m (2.5ms)[0m  commit transaction
  [1m[36m (0.1ms)[0m  [1mbegin transaction[0m
  [1m[35mSQL (0.3ms)[0m  INSERT INTO "personal_databases" ("name", "height", "weight", "image", "created_at", "updated_at") VALUES (?, ?, ?, ?, ?, ?)  [["name", "Kasumi Arimura"], ["height", 160], ["weight", 46], ["image", "/Users/miki/onboarding2017/original_service/app/assets/images/kasumi.jpg"], ["created_at", "2017-02-27 07:15:06.081331"], ["updated_at", "2017-02-27 07:15:06.081331"]]
  [1m[36m (2.4ms)[0m  [1mcommit transaction[0m
  [1m[35m (0.1ms)[0m  begin transaction
  [1m[36mSQL (0.2ms)[0m  [1mINSERT INTO "personal_databases" ("name", "height", "weight", "image", "created_at", "updated_at") VALUES (?, ?, ?, ?, ?, ?)[0m  [["name", "Mirei Kiritani"], ["height", 163], ["weight", 39], ["image", "/Users/miki/onboarding2017/original_service/app/assets/images/mirei.jpg"], ["created_at", "2017-02-27 07:15:06.085943"], ["updated_at", "2017-02-27 07:15:06.085943"]]
  [1m[35m (2.4ms)[0m  commit transaction
  [1m[36m (0.1ms)[0m  [1mbegin transaction[0m
  [1m[35mSQL (0.2ms)[0m  INSERT INTO "personal_databases" ("name", "height", "weight", "image", "created_at", "updated_at") VALUES (?, ?, ?, ?, ?, ?)  [["name", "Rola"], ["height", 165], ["weight", 48], ["image", "/Users/miki/onboarding2017/original_service/app/assets/images/rola.jpg"], ["created_at", "2017-02-27 07:15:06.089944"], ["updated_at", "2017-02-27 07:15:06.089944"]]
  [1m[36m (5.2ms)[0m  [1mcommit transaction[0m
  [1m[35m (0.1ms)[0m  begin transaction
  [1m[36mSQL (0.3ms)[0m  [1mINSERT INTO "personal_databases" ("name", "height", "weight", "image", "created_at", "updated_at") VALUES (?, ?, ?, ?, ?, ?)[0m  [["name", "Yui Aragaki"], ["height", 168], ["weight", 50], ["image", "/Users/miki/onboarding2017/original_service/app/assets/images/yui.jpg"], ["created_at", "2017-02-27 07:15:06.097080"], ["updated_at", "2017-02-27 07:15:06.097080"]]
  [1m[35m (2.8ms)[0m  commit transaction
  [1m[36mPersonalDatabase Load (1.2ms)[0m  [1mSELECT "personal_databases".* FROM "personal_databases"[0m


Started GET "/" for ::1 at 2017-02-27 16:21:36 +0900
  [1m[36mActiveRecord::SchemaMigration Load (2.4ms)[0m  [1mSELECT "schema_migrations".* FROM "schema_migrations"[0m
Processing by CheckersController#index as HTML
  Rendered checkers/index.html.erb within layouts/application (9.9ms)
Completed 200 OK in 781ms (Views: 769.8ms | ActiveRecord: 0.0ms)


Started GET "/assets/checker.self-e3b0c44298fc1c149afbf4c8996fb92427ae41e4649b934ca495991b7852b855.css?body=1" for ::1 at 2017-02-27 16:21:38 +0900


Started GET "/assets/checkers.self-e3b0c44298fc1c149afbf4c8996fb92427ae41e4649b934ca495991b7852b855.css?body=1" for ::1 at 2017-02-27 16:21:38 +0900


Started GET "/assets/custom.self-13ff889a0a88d9f770ef4da010c9ea09fa39b65559261107e8b7aca8a653c968.css?body=1" for ::1 at 2017-02-27 16:21:38 +0900


Started GET "/assets/application.self-e80e8f2318043e8af94dddc2adad5a4f09739a8ebb323b3ab31cd71d45fd9113.css?body=1" for ::1 at 2017-02-27 16:21:38 +0900


Started GET "/assets/checkers.self-877aef30ae1b040ab8a3aba4e3e309a11d7f2612f44dde450b5c157aa5f95c05.js?body=1" for ::1 at 2017-02-27 16:21:38 +0900


Started GET "/assets/application.self-3b8dabdc891efe46b9a144b400ad69e37d7e5876bdc39dee783419a69d7ca819.js?body=1" for ::1 at 2017-02-27 16:21:38 +0900


Started GET "/" for ::1 at 2017-02-27 16:22:31 +0900
Processing by CheckersController#index as HTML
  Rendered checkers/index.html.erb within layouts/application (1.7ms)
Completed 500 Internal Server Error in 6ms (ActiveRecord: 0.0ms)

SyntaxError (/Users/miki/onboarding2017/original_service/app/views/checkers/index.html.erb:6: syntax error, unexpected keyword_ensure, expecting keyword_end
/Users/miki/onboarding2017/original_service/app/views/checkers/index.html.erb:8: syntax error, unexpected end-of-input, expecting keyword_end):
  app/views/checkers/index.html.erb:6: syntax error, unexpected keyword_ensure, expecting keyword_end
  app/views/checkers/index.html.erb:8: syntax error, unexpected end-of-input, expecting keyword_end


  Rendered /Users/miki/.rbenv/versions/2.2.3/lib/ruby/gems/2.2.0/gems/actionpack-4.2.7.1/lib/action_dispatch/middleware/templates/rescues/_source.erb (10.7ms)
  Rendered /Users/miki/.rbenv/versions/2.2.3/lib/ruby/gems/2.2.0/gems/actionpack-4.2.7.1/lib/action_dispatch/middleware/templates/rescues/_trace.html.erb (4.7ms)
  Rendered /Users/miki/.rbenv/versions/2.2.3/lib/ruby/gems/2.2.0/gems/actionpack-4.2.7.1/lib/action_dispatch/middleware/templates/rescues/_request_and_response.html.erb (1.5ms)
  Rendered /Users/miki/.rbenv/versions/2.2.3/lib/ruby/gems/2.2.0/gems/actionpack-4.2.7.1/lib/action_dispatch/middleware/templates/rescues/diagnostics.html.erb within rescues/layout (82.3ms)
  Rendered /Users/miki/.rbenv/versions/2.2.3/lib/ruby/gems/2.2.0/gems/web-console-2.3.0/lib/web_console/templates/_markup.html.erb (0.7ms)
  Rendered /Users/miki/.rbenv/versions/2.2.3/lib/ruby/gems/2.2.0/gems/web-console-2.3.0/lib/web_console/templates/_inner_console_markup.html.erb within layouts/inlined_string (0.8ms)
  Rendered /Users/miki/.rbenv/versions/2.2.3/lib/ruby/gems/2.2.0/gems/web-console-2.3.0/lib/web_console/templates/_prompt_box_markup.html.erb within layouts/inlined_string (0.3ms)
  Rendered /Users/miki/.rbenv/versions/2.2.3/lib/ruby/gems/2.2.0/gems/web-console-2.3.0/lib/web_console/templates/style.css.erb within layouts/inlined_string (0.8ms)
  Rendered /Users/miki/.rbenv/versions/2.2.3/lib/ruby/gems/2.2.0/gems/web-console-2.3.0/lib/web_console/templates/console.js.erb within layouts/javascript (107.2ms)
  Rendered /Users/miki/.rbenv/versions/2.2.3/lib/ruby/gems/2.2.0/gems/web-console-2.3.0/lib/web_console/templates/main.js.erb within layouts/javascript (1.1ms)
  Rendered /Users/miki/.rbenv/versions/2.2.3/lib/ruby/gems/2.2.0/gems/web-console-2.3.0/lib/web_console/templates/error_page.js.erb within layouts/javascript (0.3ms)
  Rendered /Users/miki/.rbenv/versions/2.2.3/lib/ruby/gems/2.2.0/gems/web-console-2.3.0/lib/web_console/templates/index.html.erb (232.1ms)


Started GET "/" for ::1 at 2017-02-27 16:23:13 +0900
Processing by CheckersController#index as HTML
  [1m[35mPersonalDatabase Load (2.2ms)[0m  SELECT "personal_databases".* FROM "personal_databases"
  Rendered checkers/index.html.erb within layouts/application (11.3ms)
Completed 200 OK in 50ms (Views: 46.4ms | ActiveRecord: 2.5ms)


Started GET "/" for ::1 at 2017-02-27 16:23:21 +0900
Processing by CheckersController#index as HTML
  [1m[36mPersonalDatabase Load (0.2ms)[0m  [1mSELECT "personal_databases".* FROM "personal_databases"[0m
  Rendered checkers/index.html.erb within layouts/application (2.4ms)
Completed 200 OK in 34ms (Views: 33.2ms | ActiveRecord: 0.2ms)


Started GET "/" for ::1 at 2017-02-27 16:23:33 +0900
Processing by CheckersController#index as HTML
  [1m[35mPersonalDatabase Load (0.2ms)[0m  SELECT "personal_databases".* FROM "personal_databases"
  Rendered checkers/index.html.erb within layouts/application (1.3ms)
Completed 200 OK in 25ms (Views: 24.2ms | ActiveRecord: 0.2ms)
